Performing C++ SOURCE FILE Test CMAKE_HAVE_LIBC_PTHREAD failed with the following output:
Change Dir: /home/boeck/mwe_hipSYCL_cufft/build/CMakeFiles/CMakeTmp

Run Build Command(s):/usr/bin/make -f Makefile cmTC_9755f/fast && /usr/bin/make  -f CMakeFiles/cmTC_9755f.dir/build.make CMakeFiles/cmTC_9755f.dir/build
make[1]: Entering directory '/home/boeck/mwe_hipSYCL_cufft/build/CMakeFiles/CMakeTmp'
Building CXX object CMakeFiles/cmTC_9755f.dir/src.cxx.o
/usr/bin/clang++-14 -DCMAKE_HAVE_LIBC_PTHREAD  -std=gnu++20 -MD -MT CMakeFiles/cmTC_9755f.dir/src.cxx.o -MF CMakeFiles/cmTC_9755f.dir/src.cxx.o.d -o CMakeFiles/cmTC_9755f.dir/src.cxx.o -c /home/boeck/mwe_hipSYCL_cufft/build/CMakeFiles/CMakeTmp/src.cxx
Linking CXX executable cmTC_9755f
/snap/cmake/1130/bin/cmake -E cmake_link_script CMakeFiles/cmTC_9755f.dir/link.txt --verbose=1
/usr/bin/clang++-14 CMakeFiles/cmTC_9755f.dir/src.cxx.o -o cmTC_9755f 
CMakeFiles/cmTC_9755f.dir/src.cxx.o: In function `main':
src.cxx:(.text+0x22): undefined reference to `pthread_create'
src.cxx:(.text+0x2b): undefined reference to `pthread_detach'
src.cxx:(.text+0x34): undefined reference to `pthread_cancel'
src.cxx:(.text+0x41): undefined reference to `pthread_join'
src.cxx:(.text+0x50): undefined reference to `pthread_atfork'
clang: error: linker command failed with exit code 1 (use -v to see invocation)
CMakeFiles/cmTC_9755f.dir/build.make:99: recipe for target 'cmTC_9755f' failed
make[1]: *** [cmTC_9755f] Error 1
make[1]: Leaving directory '/home/boeck/mwe_hipSYCL_cufft/build/CMakeFiles/CMakeTmp'
Makefile:127: recipe for target 'cmTC_9755f/fast' failed
make: *** [cmTC_9755f/fast] Error 2


Source file was:
#include <pthread.h>

static void* test_func(void* data)
{
  return data;
}

int main(void)
{
  pthread_t thread;
  pthread_create(&thread, NULL, test_func, NULL);
  pthread_detach(thread);
  pthread_cancel(thread);
  pthread_join(thread, NULL);
  pthread_atfork(NULL, NULL, NULL);
  pthread_exit(NULL);

  return 0;
}

Determining if the function pthread_create exists in the pthreads failed with the following output:
Change Dir: /home/boeck/mwe_hipSYCL_cufft/build/CMakeFiles/CMakeTmp

Run Build Command(s):/usr/bin/make -f Makefile cmTC_a3d15/fast && /usr/bin/make  -f CMakeFiles/cmTC_a3d15.dir/build.make CMakeFiles/cmTC_a3d15.dir/build
make[1]: Entering directory '/home/boeck/mwe_hipSYCL_cufft/build/CMakeFiles/CMakeTmp'
Building CXX object CMakeFiles/cmTC_a3d15.dir/CheckFunctionExists.cxx.o
/usr/bin/clang++-14   -DCHECK_FUNCTION_EXISTS=pthread_create -std=gnu++20 -MD -MT CMakeFiles/cmTC_a3d15.dir/CheckFunctionExists.cxx.o -MF CMakeFiles/cmTC_a3d15.dir/CheckFunctionExists.cxx.o.d -o CMakeFiles/cmTC_a3d15.dir/CheckFunctionExists.cxx.o -c /home/boeck/mwe_hipSYCL_cufft/build/CMakeFiles/CheckLibraryExists/CheckFunctionExists.cxx
Linking CXX executable cmTC_a3d15
/snap/cmake/1130/bin/cmake -E cmake_link_script CMakeFiles/cmTC_a3d15.dir/link.txt --verbose=1
/usr/bin/clang++-14  -DCHECK_FUNCTION_EXISTS=pthread_create CMakeFiles/cmTC_a3d15.dir/CheckFunctionExists.cxx.o -o cmTC_a3d15  -lpthreads 
/usr/bin/ld: cannot find -lpthreads
clang: error: linker command failed with exit code 1 (use -v to see invocation)
CMakeFiles/cmTC_a3d15.dir/build.make:99: recipe for target 'cmTC_a3d15' failed
make[1]: *** [cmTC_a3d15] Error 1
make[1]: Leaving directory '/home/boeck/mwe_hipSYCL_cufft/build/CMakeFiles/CMakeTmp'
Makefile:127: recipe for target 'cmTC_a3d15/fast' failed
make: *** [cmTC_a3d15/fast] Error 2



